{"numFailedTestSuites":0,"numFailedTests":0,"numPassedTestSuites":61,"numPassedTests":805,"numPendingTestSuites":0,"numPendingTests":0,"numRuntimeErrorTestSuites":0,"numTodoTests":0,"numTotalTestSuites":61,"numTotalTests":805,"openHandles":[],"snapshot":{"added":0,"didUpdate":false,"failure":false,"filesAdded":0,"filesRemoved":0,"filesRemovedList":[],"filesUnmatched":0,"filesUpdated":0,"matched":0,"total":0,"unchecked":0,"uncheckedKeysByFile":[],"unmatched":0,"updated":0},"startTime":1779926224756,"success":true,"testResults":[{"assertionResults":[{"ancestorTitles":["code understanding layers"],"duration":36,"failureDetails":[],"failureMessages":[],"fullName":"code understanding layers detects game-modding business logic in ZScript","invocations":1,"location":null,"numPassingAsserts":2,"retryReasons":[],"status":"passed","title":"detects game-modding business logic in ZScript"},{"ancestorTitles":["code understanding layers"],"duration":16,"failureDetails":[],"failureMessages":[],"fullName":"code understanding layers semantic layer explains ZScript actor purpose deterministically","invocations":1,"location":null,"numPassingAsserts":5,"retryReasons":[],"status":"passed","title":"semantic layer explains ZScript actor purpose deterministically"},{"ancestorTitles":["code understanding layers"],"duration":144,"failureDetails":[],"failureMessages":[],"fullName":"code understanding layers expert review store persists and loads reviews","invocations":1,"location":null,"numPassingAsserts":3,"retryReasons":[],"status":"passed","title":"expert review store persists and loads reviews"},{"ancestorTitles":["code understanding layers"],"duration":605,"failureDetails":[],"failureMessages":[],"fullName":"code understanding layers attach understanding enriches codebase report shape","invocations":1,"location":null,"numPassingAsserts":3,"retryReasons":[],"status":"passed","title":"attach understanding enriches codebase report shape"},{"ancestorTitles":["code understanding layers"],"duration":80,"failureDetails":[],"failureMessages":[],"fullName":"code understanding layers zscript mod report extracts CVAR map and class hierarchy","invocations":1,"location":null,"numPassingAsserts":6,"retryReasons":[],"status":"passed","title":"zscript mod report extracts CVAR map and class hierarchy"},{"ancestorTitles":["code understanding layers"],"duration":22,"failureDetails":[],"failureMessages":[],"fullName":"code understanding layers ZScriptParser extracts classes and GZDoom API usage","invocations":1,"location":null,"numPassingAsserts":4,"retryReasons":[],"status":"passed","title":"ZScriptParser extracts classes and GZDoom API usage"}],"endTime":1779926228557,"message":"","name":"C:\\Users\\Trevor\\CascadeProjects\\ai-platform\\tests\\unit\\code-understanding.test.js","startTime":1779926225852,"status":"passed","summary":""},{"assertionResults":[{"ancestorTitles":["central-data-config loader"],"duration":2,"failureDetails":[],"failureMessages":[],"fullName":"central-data-config loader loads central-data-config.json","invocations":1,"location":null,"numPassingAsserts":2,"retryReasons":[],"status":"passed","title":"loads central-data-config.json"},{"ancestorTitles":["central-data-config loader"],"duration":2,"failureDetails":[],"failureMessages":[],"fullName":"central-data-config loader resolveMockDataScanPaths includes configured roots","invocations":1,"location":null,"numPassingAsserts":3,"retryReasons":[],"status":"passed","title":"resolveMockDataScanPaths includes configured roots"},{"ancestorTitles":["central-data-config loader"],"duration":2,"failureDetails":[],"failureMessages":[],"fullName":"central-data-config loader falls back to defaults when config missing","invocations":1,"location":null,"numPassingAsserts":1,"retryReasons":[],"status":"passed","title":"falls back to defaults when config missing"}],"endTime":1779926230168,"message":"","name":"C:\\Users\\Trevor\\CascadeProjects\\ai-platform\\tests\\unit\\central-data-config.test.js","startTime":1779926228569,"status":"passed","summary":""},{"assertionResults":[{"ancestorTitles":["model inference service"],"duration":112,"failureDetails":[],"failureMessages":[],"fullName":"model inference service analyzeWithModel returns report for demo provider","invocations":1,"location":null,"numPassingAsserts":7,"retryReasons":[],"status":"passed","title":"analyzeWithModel returns report for demo provider"},{"ancestorTitles":["model inference service"],"duration":54,"failureDetails":[],"failureMessages":[],"fullName":"model inference service analyzeWithModel does not inject template issues when scan is clean","invocations":1,"location":null,"numPassingAsserts":3,"retryReasons":[],"status":"passed","title":"analyzeWithModel does not inject template issues when scan is clean"},{"ancestorTitles":["model inference service"],"duration":101,"failureDetails":[],"failureMessages":[],"fullName":"model inference service analyzeWithModel builds quality metrics from scan only","invocations":1,"location":null,"numPassingAsserts":7,"retryReasons":[],"status":"passed","title":"analyzeWithModel builds quality metrics from scan only"}],"endTime":1779926230327,"message":"","name":"C:\\Users\\Trevor\\CascadeProjects\\ai-platform\\tests\\unit\\model-inference-service.test.js","startTime":1779926225920,"status":"passed","summary":""},{"assertionResults":[{"ancestorTitles":["dashboard home builder"],"duration":2,"failureDetails":[],"failureMessages":[],"fullName":"dashboard home builder merges live baseline Jest counts into overview and comparative rows","invocations":1,"location":null,"numPassingAsserts":6,"retryReasons":[],"status":"passed","title":"merges live baseline Jest counts into overview and comparative rows"}],"endTime":1779926230390,"message":"","name":"C:\\Users\\Trevor\\CascadeProjects\\ai-platform\\tests\\unit\\dashboard-home-builder.test.js","startTime":1779926230174,"status":"passed","summary":""},{"assertionResults":[{"ancestorTitles":["sample path resolver"],"duration":17,"failureDetails":[],"failureMessages":[],"fullName":"sample path resolver maps ai-roadmap sample alias to canonical report path","invocations":1,"location":null,"numPassingAsserts":2,"retryReasons":[],"status":"passed","title":"maps ai-roadmap sample alias to canonical report path"},{"ancestorTitles":["dashboard page sample JSON files","ai-analysis-sample.json"],"duration":1,"failureDetails":[],"failureMessages":[],"fullName":"dashboard page sample JSON files ai-analysis-sample.json parses as valid JSON object","invocations":1,"location":null,"numPassingAsserts":3,"retryReasons":[],"status":"passed","title":"parses as valid JSON object"},{"ancestorTitles":["dashboard page sample JSON files","ai-analysis-sample.json"],"duration":0,"failureDetails":[],"failureMessages":[],"fullName":"dashboard page sample JSON files ai-analysis-sample.json has expected type field","invocations":1,"location":null,"numPassingAsserts":1,"retryReasons":[],"status":"passed","title":"has expected type field"},{"ancestorTitles":["dashboard page sample JSON files","ai-analysis-sample.json"],"duration":1,"failureDetails":[],"failureMessages":[],"fullName":"dashboard page sample JSON files ai-analysis-sample.json has required overview fields","invocations":1,"location":null,"numPassingAsserts":2,"retryReasons":[],"status":"passed","title":"has required overview fields"},{"ancestorTitles":["dashboard page sample JSON files","ai-analysis-sample.json"],"duration":1,"failureDetails":[],"failureMessages":[],"fullName":"dashboard page sample JSON files ai-analysis-sample.json has required top-level fields","invocations":1,"location":null,"numPassingAsserts":3,"retryReasons":[],"status":"passed","title":"has required top-level fields"},{"ancestorTitles":["dashboard page sample JSON files","ai-analysis-sample.json"],"duration":2,"failureDetails":[],"failureMessages":[],"fullName":"dashboard page sample JSON files ai-analysis-sample.json has required array sections","invocations":1,"location":null,"numPassingAsserts":10,"retryReasons":[],"status":"passed","title":"has required array sections"},{"ancestorTitles":["dashboard page sample JSON files","ai-analysis-sample.json"],"duration":1,"failureDetails":[],"failureMessages":[],"fullName":"dashboard page sample JSON files ai-analysis-sample.json routes to correct dashboard section","invocations":1,"location":null,"numPassingAsserts":1,"retryReasons":[],"status":"passed","title":"routes to correct dashboard section"},{"ancestorTitles":["dashboard page sample JSON files","ai-roadmap-sample.json"],"duration":1,"failureDetails":[],"failureMessages":[],"fullName":"dashboard page sample JSON files ai-roadmap-sample.json parses as valid JSON object","invocations":1,"location":null,"numPassingAsserts":3,"retryReasons":[],"status":"passed","title":"parses as valid JSON object"},{"ancestorTitles":["dashboard page sample JSON files","ai-roadmap-sample.json"],"duration":0,"failureDetails":[],"failureMessages":[],"fullName":"dashboard page sample JSON files ai-roadmap-sample.json has expected type field","invocations":1,"location":null,"numPassingAsserts":1,"retryReasons":[],"status":"passed","title":"has expected type field"},{"ancestorTitles":["dashboard page sample JSON files","ai-roadmap-sample.json"],"duration":0,"failureDetails":[],"failureMessages":[],"fullName":"dashboard page sample JSON files ai-roadmap-sample.json has required overview fields","invocations":1,"location":null,"numPassingAsserts":0,"retryReasons":[],"status":"passed","title":"has required overview fields"},{"ancestorTitles":["dashboard page sample JSON files","ai-roadmap-sample.json"],"duration":0,"failureDetails":[],"failureMessages":[],"fullName":"dashboard page sample JSON files ai-roadmap-sample.json has required top-level fields","invocations":1,"location":null,"numPassingAsserts":2,"retryReasons":[],"status":"passed","title":"has required top-level fields"},{"ancestorTitles":["dashboard page sample JSON files","ai-roadmap-sample.json"],"duration":1,"failureDetails":[],"failureMessages":[],"fullName":"dashboard page sample JSON files ai-roadmap-sample.json has required array sections","invocations":1,"location":null,"numPassingAsserts":12,"retryReasons":[],"status":"passed","title":"has required array sections"},{"ancestorTitles":["dashboard page sample JSON files","ai-roadmap-sample.json"],"duration":1,"failureDetails":[],"failureMessages":[],"fullName":"dashboard page sample JSON files ai-roadmap-sample.json routes to correct dashboard section","invocations":1,"location":null,"numPassingAsserts":1,"retryReasons":[],"status":"passed","title":"routes to correct dashboard section"},{"ancestorTitles":["dashboard page sample JSON files","local-models-sample.json"],"duration":1,"failureDetails":[],"failureMessages":[],"fullName":"dashboard page sample JSON files local-models-sample.json parses as valid JSON object","invocations":1,"location":null,"numPassingAsserts":3,"retryReasons":[],"status":"passed","title":"parses as valid JSON object"},{"ancestorTitles":["dashboard page sample JSON files","local-models-sample.json"],"duration":0,"failureDetails":[],"failureMessages":[],"fullName":"dashboard page sample JSON files local-models-sample.json has expected type field","invocations":1,"location":null,"numPassingAsserts":1,"retryReasons":[],"status":"passed","title":"has expected type field"},{"ancestorTitles":["dashboard page sample JSON files","local-models-sample.json"],"duration":0,"failureDetails":[],"failureMessages":[],"fullName":"dashboard page sample JSON files local-models-sample.json has required overview fields","invocations":1,"location":null,"numPassingAsserts":2,"retryReasons":[],"status":"passed","title":"has required overview fields"},{"ancestorTitles":["dashboard page sample JSON files","local-models-sample.json"],"duration":0,"failureDetails":[],"failureMessages":[],"fullName":"dashboard page sample JSON files local-models-sample.json has required top-level fields","invocations":1,"location":null,"numPassingAsserts":0,"retryReasons":[],"status":"passed","title":"has required top-level fields"},{"ancestorTitles":["dashboard page sample JSON files","local-models-sample.json"],"duration":0,"failureDetails":[],"failureMessages":[],"fullName":"dashboard page sample JSON files local-models-sample.json has required array sections","invocations":1,"location":null,"numPassingAsserts":2,"retryReasons":[],"status":"passed","title":"has required array sections"},{"ancestorTitles":["dashboard page sample JSON files","local-models-sample.json"],"duration":0,"failureDetails":[],"failureMessages":[],"fullName":"dashboard page sample JSON files local-models-sample.json routes to correct dashboard section","invocations":1,"location":null,"numPassingAsserts":1,"retryReasons":[],"status":"passed","title":"routes to correct dashboard section"},{"ancestorTitles":["dashboard page sample JSON files","ai-tools-sample.json"],"duration":1,"failureDetails":[],"failureMessages":[],"fullName":"dashboard page sample JSON files ai-tools-sample.json parses as valid JSON object","invocations":1,"location":null,"numPassingAsserts":3,"retryReasons":[],"status":"passed","title":"parses as valid JSON object"},{"ancestorTitles":["dashboard page sample JSON files","ai-tools-sample.json"],"duration":0,"failureDetails":[],"failureMessages":[],"fullName":"dashboard page sample JSON files ai-tools-sample.json has expected type field","invocations":1,"location":null,"numPassingAsserts":1,"retryReasons":[],"status":"passed","title":"has expected type field"},{"ancestorTitles":["dashboard page sample JSON files","ai-tools-sample.json"],"duration":0,"failureDetails":[],"failureMessages":[],"fullName":"dashboard page sample JSON files ai-tools-sample.json has required overview fields","invocations":1,"location":null,"numPassingAsserts":2,"retryReasons":[],"status":"passed","title":"has required overview fields"},{"ancestorTitles":["dashboard page sample JSON files","ai-tools-sample.json"],"duration":0,"failureDetails":[],"failureMessages":[],"fullName":"dashboard page sample JSON files ai-tools-sample.json has required top-level fields","invocations":1,"location":null,"numPassingAsserts":0,"retryReasons":[],"status":"passed","title":"has required top-level fields"},{"ancestorTitles":["dashboard page sample JSON files","ai-tools-sample.json"],"duration":1,"failureDetails":[],"failureMessages":[],"fullName":"dashboard page sample JSON files ai-tools-sample.json has required array sections","invocations":1,"location":null,"numPassingAsserts":10,"retryReasons":[],"status":"passed","title":"has required array sections"},{"ancestorTitles":["dashboard page sample JSON files","ai-tools-sample.json"],"duration":0,"failureDetails":[],"failureMessages":[],"fullName":"dashboard page sample JSON files ai-tools-sample.json routes to correct dashboard section","invocations":1,"location":null,"numPassingAsserts":1,"retryReasons":[],"status":"passed","title":"routes to correct dashboard section"},{"ancestorTitles":["dashboard page sample JSON files","analytics-sample.json"],"duration":0,"failureDetails":[],"failureMessages":[],"fullName":"dashboard page sample JSON files analytics-sample.json parses as valid JSON object","invocations":1,"location":null,"numPassingAsserts":3,"retryReasons":[],"status":"passed","title":"parses as valid JSON object"},{"ancestorTitles":["dashboard page sample JSON files","analytics-sample.json"],"duration":0,"failureDetails":[],"failureMessages":[],"fullName":"dashboard page sample JSON files analytics-sample.json has expected type field","invocations":1,"location":null,"numPassingAsserts":1,"retryReasons":[],"status":"passed","title":"has expected type field"},{"ancestorTitles":["dashboard page sample JSON files","analytics-sample.json"],"duration":1,"failureDetails":[],"failureMessages":[],"fullName":"dashboard page sample JSON files analytics-sample.json has required overview fields","invocations":1,"location":null,"numPassingAsserts":2,"retryReasons":[],"status":"passed","title":"has required overview fields"},{"ancestorTitles":["dashboard page sample JSON files","analytics-sample.json"],"duration":0,"failureDetails":[],"failureMessages":[],"fullName":"dashboard page sample JSON files analytics-sample.json has required top-level fields","invocations":1,"location":null,"numPassingAsserts":0,"retryReasons":[],"status":"passed","title":"has required top-level fields"},{"ancestorTitles":["dashboard page sample JSON files","analytics-sample.json"],"duration":0,"failureDetails":[],"failureMessages":[],"fullName":"dashboard page sample JSON files analytics-sample.json has required array sections","invocations":1,"location":null,"numPassingAsserts":2,"retryReasons":[],"status":"passed","title":"has required array sections"},{"ancestorTitles":["dashboard page sample JSON files","analytics-sample.json"],"duration":0,"failureDetails":[],"failureMessages":[],"fullName":"dashboard page sample JSON files analytics-sample.json routes to correct dashboard section","invocations":1,"location":null,"numPassingAsserts":1,"retryReasons":[],"status":"passed","title":"routes to correct dashboard section"},{"ancestorTitles":["dashboard page sample JSON files","dashboard-home-sample.json"],"duration":1,"failureDetails":[],"failureMessages":[],"fullName":"dashboard page sample JSON files dashboard-home-sample.json parses as valid JSON object","invocations":1,"location":null,"numPassingAsserts":3,"retryReasons":[],"status":"passed","title":"parses as valid JSON object"},{"ancestorTitles":["dashboard page sample JSON files","dashboard-home-sample.json"],"duration":0,"failureDetails":[],"failureMessages":[],"fullName":"dashboard page sample JSON files dashboard-home-sample.json has expected type field","invocations":1,"location":null,"numPassingAsserts":1,"retryReasons":[],"status":"passed","title":"has expected type field"},{"ancestorTitles":["dashboard page sample JSON files","dashboard-home-sample.json"],"duration":0,"failureDetails":[],"failureMessages":[],"fullName":"dashboard page sample JSON files dashboard-home-sample.json has required overview fields","invocations":1,"location":null,"numPassingAsserts":0,"retryReasons":[],"status":"passed","title":"has required overview fields"},{"ancestorTitles":["dashboard page sample JSON files","dashboard-home-sample.json"],"duration":1,"failureDetails":[],"failureMessages":[],"fullName":"dashboard page sample JSON files dashboard-home-sample.json has required top-level fields","invocations":1,"location":null,"numPassingAsserts":3,"retryReasons":[],"status":"passed","title":"has required top-level fields"},{"ancestorTitles":["dashboard page sample JSON files","dashboard-home-sample.json"],"duration":0,"failureDetails":[],"failureMessages":[],"fullName":"dashboard page sample JSON files dashboard-home-sample.json has required array sections","invocations":1,"location":null,"numPassingAsserts":2,"retryReasons":[],"status":"passed","title":"has required array sections"},{"ancestorTitles":["dashboard page sample JSON files","dashboard-home-sample.json"],"duration":1,"failureDetails":[],"failureMessages":[],"fullName":"dashboard page sample JSON files dashboard-home-sample.json routes to correct dashboard section","invocations":1,"location":null,"numPassingAsserts":1,"retryReasons":[],"status":"passed","title":"routes to correct dashboard section"},{"ancestorTitles":["dashboard page sample JSON files","api-sample.json"],"duration":1,"failureDetails":[],"failureMessages":[],"fullName":"dashboard page sample JSON files api-sample.json parses as valid JSON object","invocations":1,"location":null,"numPassingAsserts":3,"retryReasons":[],"status":"passed","title":"parses as valid JSON object"},{"ancestorTitles":["dashboard page sample JSON files","api-sample.json"],"duration":0,"failureDetails":[],"failureMessages":[],"fullName":"dashboard page sample JSON files api-sample.json has expected type field","invocations":1,"location":null,"numPassingAsserts":1,"retryReasons":[],"status":"passed","title":"has expected type field"},{"ancestorTitles":["dashboard page sample JSON files","api-sample.json"],"duration":2,"failureDetails":[],"failureMessages":[],"fullName":"dashboard page sample JSON files api-sample.json has required overview fields","invocations":1,"location":null,"numPassingAsserts":2,"retryReasons":[],"status":"passed","title":"has required overview fields"},{"ancestorTitles":["dashboard page sample JSON files","api-sample.json"],"duration":0,"failureDetails":[],"failureMessages":[],"fullName":"dashboard page sample JSON files api-sample.json has required top-level fields","invocations":1,"location":null,"numPassingAsserts":0,"retryReasons":[],"status":"passed","title":"has required top-level fields"},{"ancestorTitles":["dashboard page sample JSON files","api-sample.json"],"duration":1,"failureDetails":[],"failureMessages":[],"fullName":"dashboard page sample JSON files api-sample.json has required array sections","invocations":1,"location":null,"numPassingAsserts":2,"retryReasons":[],"status":"passed","title":"has required array sections"},{"ancestorTitles":["dashboard page sample JSON files","api-sample.json"],"duration":0,"failureDetails":[],"failureMessages":[],"fullName":"dashboard page sample JSON files api-sample.json routes to correct dashboard section","invocations":1,"location":null,"numPassingAsserts":1,"retryReasons":[],"status":"passed","title":"routes to correct dashboard section"},{"ancestorTitles":["dashboard page sample JSON files","code-generation-sample.json"],"duration":0,"failureDetails":[],"failureMessages":[],"fullName":"dashboard page sample JSON files code-generation-sample.json parses as valid JSON object","invocations":1,"location":null,"numPassingAsserts":3,"retryReasons":[],"status":"passed","title":"parses as valid JSON object"},{"ancestorTitles":["dashboard page sample JSON files","code-generation-sample.json"],"duration":0,"failureDetails":[],"failureMessages":[],"fullName":"dashboard page sample JSON files code-generation-sample.json has expected type field","invocations":1,"location":null,"numPassingAsserts":1,"retryReasons":[],"status":"passed","title":"has expected type field"},{"ancestorTitles":["dashboard page sample JSON files","code-generation-sample.json"],"duration":1,"failureDetails":[],"failureMessages":[],"fullName":"dashboard page sample JSON files code-generation-sample.json has required overview fields","invocations":1,"location":null,"numPassingAsserts":0,"retryReasons":[],"status":"passed","title":"has required overview fields"},{"ancestorTitles":["dashboard page sample JSON files","code-generation-sample.json"],"duration":0,"failureDetails":[],"failureMessages":[],"fullName":"dashboard page sample JSON files code-generation-sample.json has required top-level fields","invocations":1,"location":null,"numPassingAsserts":2,"retryReasons":[],"status":"passed","title":"has required top-level fields"},{"ancestorTitles":["dashboard page sample JSON files","code-generation-sample.json"],"duration":1,"failureDetails":[],"failureMessages":[],"fullName":"dashboard page sample JSON files code-generation-sample.json has required array sections","invocations":1,"location":null,"numPassingAsserts":8,"retryReasons":[],"status":"passed","title":"has required array sections"},{"ancestorTitles":["dashboard page sample JSON files","code-generation-sample.json"],"duration":0,"failureDetails":[],"failureMessages":[],"fullName":"dashboard page sample JSON files code-generation-sample.json routes to correct dashboard section","invocations":1,"location":null,"numPassingAsserts":1,"retryReasons":[],"status":"passed","title":"routes to correct dashboard section"},{"ancestorTitles":["dashboard page sample JSON files","database-sample.json"],"duration":0,"failureDetails":[],"failureMessages":[],"fullName":"dashboard page sample JSON files database-sample.json parses as valid JSON object","invocations":1,"location":null,"numPassingAsserts":3,"retryReasons":[],"status":"passed","title":"parses as valid JSON object"},{"ancestorTitles":["dashboard page sample JSON files","database-sample.json"],"duration":0,"failureDetails":[],"failureMessages":[],"fullName":"dashboard page sample JSON files database-sample.json has expected type field","invocations":1,"location":null,"numPassingAsserts":1,"retryReasons":[],"status":"passed","title":"has expected type field"},{"ancestorTitles":["dashboard page sample JSON files","database-sample.json"],"duration":1,"failureDetails":[],"failureMessages":[],"fullName":"dashboard page sample JSON files database-sample.json has required overview fields","invocations":1,"location":null,"numPassingAsserts":2,"retryReasons":[],"status":"passed","title":"has required overview fields"},{"ancestorTitles":["dashboard page sample JSON files","database-sample.json"],"duration":0,"failureDetails":[],"failureMessages":[],"fullName":"dashboard page sample JSON files database-sample.json has required top-level fields","invocations":1,"location":null,"numPassingAsserts":0,"retryReasons":[],"status":"passed","title":"has required top-level fields"},{"ancestorTitles":["dashboard page sample JSON files","database-sample.json"],"duration":0,"failureDetails":[],"failureMessages":[],"fullName":"dashboard page sample JSON files database-sample.json has required array sections","invocations":1,"location":null,"numPassingAsserts":2,"retryReasons":[],"status":"passed","title":"has required array sections"},{"ancestorTitles":["dashboard page sample JSON files","database-sample.json"],"duration":0,"failureDetails":[],"failureMessages":[],"fullName":"dashboard page sample JSON files database-sample.json routes to correct dashboard section","invocations":1,"location":null,"numPassingAsserts":1,"retryReasons":[],"status":"passed","title":"routes to correct dashboard section"},{"ancestorTitles":["dashboard page sample JSON files","debt-reduction-sample.json"],"duration":0,"failureDetails":[],"failureMessages":[],"fullName":"dashboard page sample JSON files debt-reduction-sample.json parses as valid JSON object","invocations":1,"location":null,"numPassingAsserts":3,"retryReasons":[],"status":"passed","title":"parses as valid JSON object"},{"ancestorTitles":["dashboard page sample JSON files","debt-reduction-sample.json"],"duration":0,"failureDetails":[],"failureMessages":[],"fullName":"dashboard page sample JSON files debt-reduction-sample.json has expected type field","invocations":1,"location":null,"numPassingAsserts":1,"retryReasons":[],"status":"passed","title":"has expected type field"},{"ancestorTitles":["dashboard page sample JSON files","debt-reduction-sample.json"],"duration":1,"failureDetails":[],"failureMessages":[],"fullName":"dashboard page sample JSON files debt-reduction-sample.json has required overview fields","invocations":1,"location":null,"numPassingAsserts":2,"retryReasons":[],"status":"passed","title":"has required overview fields"},{"ancestorTitles":["dashboard page sample JSON files","debt-reduction-sample.json"],"duration":0,"failureDetails":[],"failureMessages":[],"fullName":"dashboard page sample JSON files debt-reduction-sample.json has required top-level fields","invocations":1,"location":null,"numPassingAsserts":0,"retryReasons":[],"status":"passed","title":"has required top-level fields"},{"ancestorTitles":["dashboard page sample JSON files","debt-reduction-sample.json"],"duration":0,"failureDetails":[],"failureMessages":[],"fullName":"dashboard page sample JSON files debt-reduction-sample.json has required array sections","invocations":1,"location":null,"numPassingAsserts":4,"retryReasons":[],"status":"passed","title":"has required array sections"},{"ancestorTitles":["dashboard page sample JSON files","debt-reduction-sample.json"],"duration":0,"failureDetails":[],"failureMessages":[],"fullName":"dashboard page sample JSON files debt-reduction-sample.json routes to correct dashboard section","invocations":1,"location":null,"numPassingAsserts":1,"retryReasons":[],"status":"passed","title":"routes to correct dashboard section"},{"ancestorTitles":["dashboard page sample JSON files","debt-analytics-sample.json"],"duration":0,"failureDetails":[],"failureMessages":[],"fullName":"dashboard page sample JSON files debt-analytics-sample.json parses as valid JSON object","invocations":1,"location":null,"numPassingAsserts":3,"retryReasons":[],"status":"passed","title":"parses as valid JSON object"},{"ancestorTitles":["dashboard page sample JSON files","debt-analytics-sample.json"],"duration":0,"failureDetails":[],"failureMessages":[],"fullName":"dashboard page sample JSON files debt-analytics-sample.json has expected type field","invocations":1,"location":null,"numPassingAsserts":1,"retryReasons":[],"status":"passed","title":"has expected type field"},{"ancestorTitles":["dashboard page sample JSON files","debt-analytics-sample.json"],"duration":1,"failureDetails":[],"failureMessages":[],"fullName":"dashboard page sample JSON files debt-analytics-sample.json has required overview fields","invocations":1,"location":null,"numPassingAsserts":2,"retryReasons":[],"status":"passed","title":"has required overview fields"},{"ancestorTitles":["dashboard page sample JSON files","debt-analytics-sample.json"],"duration":0,"failureDetails":[],"failureMessages":[],"fullName":"dashboard page sample JSON files debt-analytics-sample.json has required top-level fields","invocations":1,"location":null,"numPassingAsserts":0,"retryReasons":[],"status":"passed","title":"has required top-level fields"},{"ancestorTitles":["dashboard page sample JSON files","debt-analytics-sample.json"],"duration":1,"failureDetails":[],"failureMessages":[],"fullName":"dashboard page sample JSON files debt-analytics-sample.json has required array sections","invocations":1,"location":null,"numPassingAsserts":12,"retryReasons":[],"status":"passed","title":"has required array sections"},{"ancestorTitles":["dashboard page sample JSON files","debt-analytics-sample.json"],"duration":0,"failureDetails":[],"failureMessages":[],"fullName":"dashboard page sample JSON files debt-analytics-sample.json routes to correct dashboard section","invocations":1,"location":null,"numPassingAsserts":1,"retryReasons":[],"status":"passed","title":"routes to correct dashboard section"},{"ancestorTitles":["dashboard page sample JSON files","feature-backlog-sample.json"],"duration":0,"failureDetails":[],"failureMessages":[],"fullName":"dashboard page sample JSON files feature-backlog-sample.json parses as valid JSON object","invocations":1,"location":null,"numPassingAsserts":3,"retryReasons":[],"status":"passed","title":"parses as valid JSON object"},{"ancestorTitles":["dashboard page sample JSON files","feature-backlog-sample.json"],"duration":0,"failureDetails":[],"failureMessages":[],"fullName":"dashboard page sample JSON files feature-backlog-sample.json has expected type field","invocations":1,"location":null,"numPassingAsserts":1,"retryReasons":[],"status":"passed","title":"has expected type field"},{"ancestorTitles":["dashboard page sample JSON files","feature-backlog-sample.json"],"duration":0,"failureDetails":[],"failureMessages":[],"fullName":"dashboard page sample JSON files feature-backlog-sample.json has required overview fields","invocations":1,"location":null,"numPassingAsserts":0,"retryReasons":[],"status":"passed","title":"has required overview fields"},{"ancestorTitles":["dashboard page sample JSON files","feature-backlog-sample.json"],"duration":1,"failureDetails":[],"failureMessages":[],"fullName":"dashboard page sample JSON files feature-backlog-sample.json has required top-level fields","invocations":1,"location":null,"numPassingAsserts":2,"retryReasons":[],"status":"passed","title":"has required top-level fields"},{"ancestorTitles":["dashboard page sample JSON files","feature-backlog-sample.json"],"duration":1,"failureDetails":[],"failureMessages":[],"fullName":"dashboard page sample JSON files feature-backlog-sample.json has required array sections","invocations":1,"location":null,"numPassingAsserts":8,"retryReasons":[],"status":"passed","title":"has required array sections"},{"ancestorTitles":["dashboard page sample JSON files","feature-backlog-sample.json"],"duration":0,"failureDetails":[],"failureMessages":[],"fullName":"dashboard page sample JSON files feature-backlog-sample.json routes to correct dashboard section","invocations":1,"location":null,"numPassingAsserts":1,"retryReasons":[],"status":"passed","title":"routes to correct dashboard section"},{"ancestorTitles":["dashboard page sample JSON files","release-timeline-sample.json"],"duration":0,"failureDetails":[],"failureMessages":[],"fullName":"dashboard page sample JSON files release-timeline-sample.json parses as valid JSON object","invocations":1,"location":null,"numPassingAsserts":3,"retryReasons":[],"status":"passed","title":"parses as valid JSON object"},{"ancestorTitles":["dashboard page sample JSON files","release-timeline-sample.json"],"duration":0,"failureDetails":[],"failureMessages":[],"fullName":"dashboard page sample JSON files release-timeline-sample.json has expected type field","invocations":1,"location":null,"numPassingAsserts":1,"retryReasons":[],"status":"passed","title":"has expected type field"},{"ancestorTitles":["dashboard page sample JSON files","release-timeline-sample.json"],"duration":0,"failureDetails":[],"failureMessages":[],"fullName":"dashboard page sample JSON files release-timeline-sample.json has required overview fields","invocations":1,"location":null,"numPassingAsserts":0,"retryReasons":[],"status":"passed","title":"has required overview fields"},{"ancestorTitles":["dashboard page sample JSON files","release-timeline-sample.json"],"duration":0,"failureDetails":[],"failureMessages":[],"fullName":"dashboard page sample JSON files release-timeline-sample.json has required top-level fields","invocations":1,"location":null,"numPassingAsserts":2,"retryReasons":[],"status":"passed","title":"has required top-level fields"},{"ancestorTitles":["dashboard page sample JSON files","release-timeline-sample.json"],"duration":0,"failureDetails":[],"failureMessages":[],"fullName":"dashboard page sample JSON files release-timeline-sample.json has required array sections","invocations":1,"location":null,"numPassingAsserts":4,"retryReasons":[],"status":"passed","title":"has required array sections"},{"ancestorTitles":["dashboard page sample JSON files","release-timeline-sample.json"],"duration":1,"failureDetails":[],"failureMessages":[],"fullName":"dashboard page sample JSON files release-timeline-sample.json routes to correct dashboard section","invocations":1,"location":null,"numPassingAsserts":1,"retryReasons":[],"status":"passed","title":"routes to correct dashboard section"},{"ancestorTitles":["dashboard page sample JSON files","billing-system-sample.json"],"duration":1,"failureDetails":[],"failureMessages":[],"fullName":"dashboard page sample JSON files billing-system-sample.json parses as valid JSON object","invocations":1,"location":null,"numPassingAsserts":3,"retryReasons":[],"status":"passed","title":"parses as valid JSON object"},{"ancestorTitles":["dashboard page sample JSON files","billing-system-sample.json"],"duration":0,"failureDetails":[],"failureMessages":[],"fullName":"dashboard page sample JSON files billing-system-sample.json has expected type field","invocations":1,"location":null,"numPassingAsserts":1,"retryReasons":[],"status":"passed","title":"has expected type field"},{"ancestorTitles":["dashboard page sample JSON files","billing-system-sample.json"],"duration":0,"failureDetails":[],"failureMessages":[],"fullName":"dashboard page sample JSON files billing-system-sample.json has required overview fields","invocations":1,"location":null,"numPassingAsserts":2,"retryReasons":[],"status":"passed","title":"has required overview fields"},{"ancestorTitles":["dashboard page sample JSON files","billing-system-sample.json"],"duration":0,"failureDetails":[],"failureMessages":[],"fullName":"dashboard page sample JSON files billing-system-sample.json has required top-level fields","invocations":1,"location":null,"numPassingAsserts":0,"retryReasons":[],"status":"passed","title":"has required top-level fields"},{"ancestorTitles":["dashboard page sample JSON files","billing-system-sample.json"],"duration":1,"failureDetails":[],"failureMessages":[],"fullName":"dashboard page sample JSON files billing-system-sample.json has required array sections","invocations":1,"location":null,"numPassingAsserts":10,"retryReasons":[],"status":"passed","title":"has required array sections"},{"ancestorTitles":["dashboard page sample JSON files","billing-system-sample.json"],"duration":0,"failureDetails":[],"failureMessages":[],"fullName":"dashboard page sample JSON files billing-system-sample.json routes to correct dashboard section","invocations":1,"location":null,"numPassingAsserts":1,"retryReasons":[],"status":"passed","title":"routes to correct dashboard section"},{"ancestorTitles":["dashboard page sample JSON files","project-reports-sample.json"],"duration":0,"failureDetails":[],"failureMessages":[],"fullName":"dashboard page sample JSON files project-reports-sample.json parses as valid JSON object","invocations":1,"location":null,"numPassingAsserts":3,"retryReasons":[],"status":"passed","title":"parses as valid JSON object"},{"ancestorTitles":["dashboard page sample JSON files","project-reports-sample.json"],"duration":1,"failureDetails":[],"failureMessages":[],"fullName":"dashboard page sample JSON files project-reports-sample.json has expected type field","invocations":1,"location":null,"numPassingAsserts":1,"retryReasons":[],"status":"passed","title":"has expected type field"},{"ancestorTitles":["dashboard page sample JSON files","project-reports-sample.json"],"duration":0,"failureDetails":[],"failureMessages":[],"fullName":"dashboard page sample JSON files project-reports-sample.json has required overview fields","invocations":1,"location":null,"numPassingAsserts":2,"retryReasons":[],"status":"passed","title":"has required overview fields"},{"ancestorTitles":["dashboard page sample JSON files","project-reports-sample.json"],"duration":0,"failureDetails":[],"failureMessages":[],"fullName":"dashboard page sample JSON files project-reports-sample.json has required top-level fields","invocations":1,"location":null,"numPassingAsserts":0,"retryReasons":[],"status":"passed","title":"has required top-level fields"},{"ancestorTitles":["dashboard page sample JSON files","project-reports-sample.json"],"duration":1,"failureDetails":[],"failureMessages":[],"fullName":"dashboard page sample JSON files project-reports-sample.json has required array sections","invocations":1,"location":null,"numPassingAsserts":8,"retryReasons":[],"status":"passed","title":"has required array sections"},{"ancestorTitles":["dashboard page sample JSON files","project-reports-sample.json"],"duration":0,"failureDetails":[],"failureMessages":[],"fullName":"dashboard page sample JSON files project-reports-sample.json routes to correct dashboard section","invocations":1,"location":null,"numPassingAsserts":1,"retryReasons":[],"status":"passed","title":"routes to correct dashboard section"},{"ancestorTitles":["dashboard page sample JSON files","assets-library-sample.json"],"duration":0,"failureDetails":[],"failureMessages":[],"fullName":"dashboard page sample JSON files assets-library-sample.json parses as valid JSON object","invocations":1,"location":null,"numPassingAsserts":3,"retryReasons":[],"status":"passed","title":"parses as valid JSON object"},{"ancestorTitles":["dashboard page sample JSON files","assets-library-sample.json"],"duration":0,"failureDetails":[],"failureMessages":[],"fullName":"dashboard page sample JSON files assets-library-sample.json has expected type field","invocations":1,"location":null,"numPassingAsserts":1,"retryReasons":[],"status":"passed","title":"has expected type field"},{"ancestorTitles":["dashboard page sample JSON files","assets-library-sample.json"],"duration":0,"failureDetails":[],"failureMessages":[],"fullName":"dashboard page sample JSON files assets-library-sample.json has required overview fields","invocations":1,"location":null,"numPassingAsserts":2,"retryReasons":[],"status":"passed","title":"has required overview fields"},{"ancestorTitles":["dashboard page sample JSON files","assets-library-sample.json"],"duration":0,"failureDetails":[],"failureMessages":[],"fullName":"dashboard page sample JSON files assets-library-sample.json has required top-level fields","invocations":1,"location":null,"numPassingAsserts":0,"retryReasons":[],"status":"passed","title":"has required top-level fields"},{"ancestorTitles":["dashboard page sample JSON files","assets-library-sample.json"],"duration":2,"failureDetails":[],"failureMessages":[],"fullName":"dashboard page sample JSON files assets-library-sample.json has required array sections","invocations":1,"location":null,"numPassingAsserts":8,"retryReasons":[],"status":"passed","title":"has required array sections"},{"ancestorTitles":["dashboard page sample JSON files","assets-library-sample.json"],"duration":0,"failureDetails":[],"failureMessages":[],"fullName":"dashboard page sample JSON files assets-library-sample.json routes to correct dashboard section","invocations":1,"location":null,"numPassingAsserts":1,"retryReasons":[],"status":"passed","title":"routes to correct dashboard section"},{"ancestorTitles":["dashboard page sample JSON files","code-templates-sample.json"],"duration":0,"failureDetails":[],"failureMessages":[],"fullName":"dashboard page sample JSON files code-templates-sample.json parses as valid JSON object","invocations":1,"location":null,"numPassingAsserts":3,"retryReasons":[],"status":"passed","title":"parses as valid JSON object"},{"ancestorTitles":["dashboard page sample JSON files","code-templates-sample.json"],"duration":0,"failureDetails":[],"failureMessages":[],"fullName":"dashboard page sample JSON files code-templates-sample.json has expected type field","invocations":1,"location":null,"numPassingAsserts":1,"retryReasons":[],"status":"passed","title":"has expected type field"},{"ancestorTitles":["dashboard page sample JSON files","code-templates-sample.json"],"duration":1,"failureDetails":[],"failureMessages":[],"fullName":"dashboard page sample JSON files code-templates-sample.json has required overview fields","invocations":1,"location":null,"numPassingAsserts":2,"retryReasons":[],"status":"passed","title":"has required overview fields"},{"ancestorTitles":["dashboard page sample JSON files","code-templates-sample.json"],"duration":0,"failureDetails":[],"failureMessages":[],"fullName":"dashboard page sample JSON files code-templates-sample.json has required top-level fields","invocations":1,"location":null,"numPassingAsserts":0,"retryReasons":[],"status":"passed","title":"has required top-level fields"},{"ancestorTitles":["dashboard page sample JSON files","code-templates-sample.json"],"duration":1,"failureDetails":[],"failureMessages":[],"fullName":"dashboard page sample JSON files code-templates-sample.json has required array sections","invocations":1,"location":null,"numPassingAsserts":10,"retryReasons":[],"status":"passed","title":"has required array sections"},{"ancestorTitles":["dashboard page sample JSON files","code-templates-sample.json"],"duration":1,"failureDetails":[],"failureMessages":[],"fullName":"dashboard page sample JSON files code-templates-sample.json routes to correct dashboard section","invocations":1,"location":null,"numPassingAsserts":1,"retryReasons":[],"status":"passed","title":"routes to correct dashboard section"},{"ancestorTitles":["dashboard page sample JSON files","coverage-reports-sample.json"],"duration":0,"failureDetails":[],"failureMessages":[],"fullName":"dashboard page sample JSON files coverage-reports-sample.json parses as valid JSON object","invocations":1,"location":null,"numPassingAsserts":3,"retryReasons":[],"status":"passed","title":"parses as valid JSON object"},{"ancestorTitles":["dashboard page sample JSON files","coverage-reports-sample.json"],"duration":0,"failureDetails":[],"failureMessages":[],"fullName":"dashboard page sample JSON files coverage-reports-sample.json has expected type field","invocations":1,"location":null,"numPassingAsserts":1,"retryReasons":[],"status":"passed","title":"has expected type field"},{"ancestorTitles":["dashboard page sample JSON files","coverage-reports-sample.json"],"duration":1,"failureDetails":[],"failureMessages":[],"fullName":"dashboard page sample JSON files coverage-reports-sample.json has required overview fields","invocations":1,"location":null,"numPassingAsserts":2,"retryReasons":[],"status":"passed","title":"has required overview fields"},{"ancestorTitles":["dashboard page sample JSON files","coverage-reports-sample.json"],"duration":0,"failureDetails":[],"failureMessages":[],"fullName":"dashboard page sample JSON files coverage-reports-sample.json has required top-level fields","invocations":1,"location":null,"numPassingAsserts":0,"retryReasons":[],"status":"passed","title":"has required top-level fields"},{"ancestorTitles":["dashboard page sample JSON files","coverage-reports-sample.json"],"duration":3,"failureDetails":[],"failureMessages":[],"fullName":"dashboard page sample JSON files coverage-reports-sample.json has required array sections","invocations":1,"location":null,"numPassingAsserts":12,"retryReasons":[],"status":"passed","title":"has required array sections"},{"ancestorTitles":["dashboard page sample JSON files","coverage-reports-sample.json"],"duration":0,"failureDetails":[],"failureMessages":[],"fullName":"dashboard page sample JSON files coverage-reports-sample.json routes to correct dashboard section","invocations":1,"location":null,"numPassingAsserts":1,"retryReasons":[],"status":"passed","title":"routes to correct dashboard section"},{"ancestorTitles":["dashboard page sample JSON files","settings-sample.json"],"duration":1,"failureDetails":[],"failureMessages":[],"fullName":"dashboard page sample JSON files settings-sample.json parses as valid JSON object","invocations":1,"location":null,"numPassingAsserts":3,"retryReasons":[],"status":"passed","title":"parses as valid JSON object"},{"ancestorTitles":["dashboard page sample JSON files","settings-sample.json"],"duration":0,"failureDetails":[],"failureMessages":[],"fullName":"dashboard page sample JSON files settings-sample.json has expected type field","invocations":1,"location":null,"numPassingAsserts":1,"retryReasons":[],"status":"passed","title":"has expected type field"},{"ancestorTitles":["dashboard page sample JSON files","settings-sample.json"],"duration":0,"failureDetails":[],"failureMessages":[],"fullName":"dashboard page sample JSON files settings-sample.json has required overview fields","invocations":1,"location":null,"numPassingAsserts":2,"retryReasons":[],"status":"passed","title":"has required overview fields"},{"ancestorTitles":["dashboard page sample JSON files","settings-sample.json"],"duration":1,"failureDetails":[],"failureMessages":[],"fullName":"dashboard page sample JSON files settings-sample.json has required top-level fields","invocations":1,"location":null,"numPassingAsserts":3,"retryReasons":[],"status":"passed","title":"has required top-level fields"},{"ancestorTitles":["dashboard page sample JSON files","settings-sample.json"],"duration":1,"failureDetails":[],"failureMessages":[],"fullName":"dashboard page sample JSON files settings-sample.json has required array sections","invocations":1,"location":null,"numPassingAsserts":4,"retryReasons":[],"status":"passed","title":"has required array sections"},{"ancestorTitles":["dashboard page sample JSON files","settings-sample.json"],"duration":1,"failureDetails":[],"failureMessages":[],"fullName":"dashboard page sample JSON files settings-sample.json routes to correct dashboard section","invocations":1,"location":null,"numPassingAsserts":1,"retryReasons":[],"status":"passed","title":"routes to correct dashboard section"},{"ancestorTitles":["dashboard page sample JSON files","help-sample.json"],"duration":0,"failureDetails":[],"failureMessages":[],"fullName":"dashboard page sample JSON files help-sample.json parses as valid JSON object","invocations":1,"location":null,"numPassingAsserts":3,"retryReasons":[],"status":"passed","title":"parses as valid JSON object"},{"ancestorTitles":["dashboard page sample JSON files","help-sample.json"],"duration":1,"failureDetails":[],"failureMessages":[],"fullName":"dashboard page sample JSON files help-sample.json has expected type field","invocations":1,"location":null,"numPassingAsserts":1,"retryReasons":[],"status":"passed","title":"has expected type field"},{"ancestorTitles":["dashboard page sample JSON files","help-sample.json"],"duration":0,"failureDetails":[],"failureMessages":[],"fullName":"dashboard page sample JSON files help-sample.json has required overview fields","invocations":1,"location":null,"numPassingAsserts":2,"retryReasons":[],"status":"passed","title":"has required overview fields"},{"ancestorTitles":["dashboard page sample JSON files","help-sample.json"],"duration":0,"failureDetails":[],"failureMessages":[],"fullName":"dashboard page sample JSON files help-sample.json has required top-level fields","invocations":1,"location":null,"numPassingAsserts":0,"retryReasons":[],"status":"passed","title":"has required top-level fields"},{"ancestorTitles":["dashboard page sample JSON files","help-sample.json"],"duration":3,"failureDetails":[],"failureMessages":[],"fullName":"dashboard page sample JSON files help-sample.json has required array sections","invocations":1,"location":null,"numPassingAsserts":12,"retryReasons":[],"status":"passed","title":"has required array sections"},{"ancestorTitles":["dashboard page sample JSON files","help-sample.json"],"duration":0,"failureDetails":[],"failureMessages":[],"fullName":"dashboard page sample JSON files help-sample.json routes to correct dashboard section","invocations":1,"location":null,"numPassingAsserts":1,"retryReasons":[],"status":"passed","title":"routes to correct dashboard section"},{"ancestorTitles":["dashboard page sample JSON files","simplebeacon-cli-dashboard-sample.json"],"duration":0,"failureDetails":[],"failureMessages":[],"fullName":"dashboard page sample JSON files simplebeacon-cli-dashboard-sample.json parses as valid JSON object","invocations":1,"location":null,"numPassingAsserts":3,"retryReasons":[],"status":"passed","title":"parses as valid JSON object"},{"ancestorTitles":["dashboard page sample JSON files","simplebeacon-cli-dashboard-sample.json"],"duration":0,"failureDetails":[],"failureMessages":[],"fullName":"dashboard page sample JSON files simplebeacon-cli-dashboard-sample.json has expected type field","invocations":1,"location":null,"numPassingAsserts":1,"retryReasons":[],"status":"passed","title":"has expected type field"},{"ancestorTitles":["dashboard page sample JSON files","simplebeacon-cli-dashboard-sample.json"],"duration":0,"failureDetails":[],"failureMessages":[],"fullName":"dashboard page sample JSON files simplebeacon-cli-dashboard-sample.json has required overview fields","invocations":1,"location":null,"numPassingAsserts":2,"retryReasons":[],"status":"passed","title":"has required overview fields"},{"ancestorTitles":["dashboard page sample JSON files","simplebeacon-cli-dashboard-sample.json"],"duration":0,"failureDetails":[],"failureMessages":[],"fullName":"dashboard page sample JSON files simplebeacon-cli-dashboard-sample.json has required top-level fields","invocations":1,"location":null,"numPassingAsserts":0,"retryReasons":[],"status":"passed","title":"has required top-level fields"},{"ancestorTitles":["dashboard page sample JSON files","simplebeacon-cli-dashboard-sample.json"],"duration":1,"failureDetails":[],"failureMessages":[],"fullName":"dashboard page sample JSON files simplebeacon-cli-dashboard-sample.json has required array sections","invocations":1,"location":null,"numPassingAsserts":6,"retryReasons":[],"status":"passed","title":"has required array sections"},{"ancestorTitles":["dashboard page sample JSON files","simplebeacon-cli-dashboard-sample.json"],"duration":0,"failureDetails":[],"failureMessages":[],"fullName":"dashboard page sample JSON files simplebeacon-cli-dashboard-sample.json routes to correct dashboard section","invocations":1,"location":null,"numPassingAsserts":1,"retryReasons":[],"status":"passed","title":"routes to correct dashboard section"},{"ancestorTitles":["dashboard page sample JSON files","implementation-plan-sample.json"],"duration":0,"failureDetails":[],"failureMessages":[],"fullName":"dashboard page sample JSON files implementation-plan-sample.json parses as valid JSON object","invocations":1,"location":null,"numPassingAsserts":3,"retryReasons":[],"status":"passed","title":"parses as valid JSON object"},{"ancestorTitles":["dashboard page sample JSON files","implementation-plan-sample.json"],"duration":0,"failureDetails":[],"failureMessages":[],"fullName":"dashboard page sample JSON files implementation-plan-sample.json has expected type field","invocations":1,"location":null,"numPassingAsserts":1,"retryReasons":[],"status":"passed","title":"has expected type field"},{"ancestorTitles":["dashboard page sample JSON files","implementation-plan-sample.json"],"duration":1,"failureDetails":[],"failureMessages":[],"fullName":"dashboard page sample JSON files implementation-plan-sample.json has required overview fields","invocations":1,"location":null,"numPassingAsserts":0,"retryReasons":[],"status":"passed","title":"has required overview fields"},{"ancestorTitles":["dashboard page sample JSON files","implementation-plan-sample.json"],"duration":0,"failureDetails":[],"failureMessages":[],"fullName":"dashboard page sample JSON files implementation-plan-sample.json has required top-level fields","invocations":1,"location":null,"numPassingAsserts":2,"retryReasons":[],"status":"passed","title":"has required top-level fields"},{"ancestorTitles":["dashboard page sample JSON files","implementation-plan-sample.json"],"duration":1,"failureDetails":[],"failureMessages":[],"fullName":"dashboard page sample JSON files implementation-plan-sample.json has required array sections","invocations":1,"location":null,"numPassingAsserts":12,"retryReasons":[],"status":"passed","title":"has required array sections"},{"ancestorTitles":["dashboard page sample JSON files","implementation-plan-sample.json"],"duration":0,"failureDetails":[],"failureMessages":[],"fullName":"dashboard page sample JSON files implementation-plan-sample.json routes to correct dashboard section","invocations":1,"location":null,"numPassingAsserts":1,"retryReasons":[],"status":"passed","title":"routes to correct dashboard section"},{"ancestorTitles":["dashboard page sample JSON files","debt-calculator-sample.json"],"duration":0,"failureDetails":[],"failureMessages":[],"fullName":"dashboard page sample JSON files debt-calculator-sample.json parses as valid JSON object","invocations":1,"location":null,"numPassingAsserts":3,"retryReasons":[],"status":"passed","title":"parses as valid JSON object"},{"ancestorTitles":["dashboard page sample JSON files","debt-calculator-sample.json"],"duration":0,"failureDetails":[],"failureMessages":[],"fullName":"dashboard page sample JSON files debt-calculator-sample.json has expected type field","invocations":1,"location":null,"numPassingAsserts":1,"retryReasons":[],"status":"passed","title":"has expected type field"},{"ancestorTitles":["dashboard page sample JSON files","debt-calculator-sample.json"],"duration":1,"failureDetails":[],"failureMessages":[],"fullName":"dashboard page sample JSON files debt-calculator-sample.json has required overview fields","invocations":1,"location":null,"numPassingAsserts":2,"retryReasons":[],"status":"passed","title":"has required overview fields"},{"ancestorTitles":["dashboard page sample JSON files","debt-calculator-sample.json"],"duration":0,"failureDetails":[],"failureMessages":[],"fullName":"dashboard page sample JSON files debt-calculator-sample.json has required top-level fields","invocations":1,"location":null,"numPassingAsserts":0,"retryReasons":[],"status":"passed","title":"has required top-level fields"},{"ancestorTitles":["dashboard page sample JSON files","debt-calculator-sample.json"],"duration":0,"failureDetails":[],"failureMessages":[],"fullName":"dashboard page sample JSON files debt-calculator-sample.json has required array sections","invocations":1,"location":null,"numPassingAsserts":2,"retryReasons":[],"status":"passed","title":"has required array sections"},{"ancestorTitles":["dashboard page sample JSON files","debt-calculator-sample.json"],"duration":0,"failureDetails":[],"failureMessages":[],"fullName":"dashboard page sample JSON files debt-calculator-sample.json routes to correct dashboard section","invocations":1,"location":null,"numPassingAsserts":1,"retryReasons":[],"status":"passed","title":"routes to correct dashboard section"},{"ancestorTitles":["dashboard page sample JSON files","dev-tools-sample.json"],"duration":0,"failureDetails":[],"failureMessages":[],"fullName":"dashboard page sample JSON files dev-tools-sample.json parses as valid JSON object","invocations":1,"location":null,"numPassingAsserts":3,"retryReasons":[],"status":"passed","title":"parses as valid JSON object"},{"ancestorTitles":["dashboard page sample JSON files","dev-tools-sample.json"],"duration":0,"failureDetails":[],"failureMessages":[],"fullName":"dashboard page sample JSON files dev-tools-sample.json has expected type field","invocations":1,"location":null,"numPassingAsserts":1,"retryReasons":[],"status":"passed","title":"has expected type field"},{"ancestorTitles":["dashboard page sample JSON files","dev-tools-sample.json"],"duration":1,"failureDetails":[],"failureMessages":[],"fullName":"dashboard page sample JSON files dev-tools-sample.json has required overview fields","invocations":1,"location":null,"numPassingAsserts":2,"retryReasons":[],"status":"passed","title":"has required overview fields"},{"ancestorTitles":["dashboard page sample JSON files","dev-tools-sample.json"],"duration":0,"failureDetails":[],"failureMessages":[],"fullName":"dashboard page sample JSON files dev-tools-sample.json has required top-level fields","invocations":1,"location":null,"numPassingAsserts":0,"retryReasons":[],"status":"passed","title":"has required top-level fields"},{"ancestorTitles":["dashboard page sample JSON files","dev-tools-sample.json"],"duration":0,"failureDetails":[],"failureMessages":[],"fullName":"dashboard page sample JSON files dev-tools-sample.json has required array sections","invocations":1,"location":null,"numPassingAsserts":4,"retryReasons":[],"status":"passed","title":"has required array sections"},{"ancestorTitles":["dashboard page sample JSON files","dev-tools-sample.json"],"duration":0,"failureDetails":[],"failureMessages":[],"fullName":"dashboard page sample JSON files dev-tools-sample.json routes to correct dashboard section","invocations":1,"location":null,"numPassingAsserts":1,"retryReasons":[],"status":"passed","title":"routes to correct dashboard section"},{"ancestorTitles":["dashboard page sample JSON files","merger-tool-sample.json"],"duration":0,"failureDetails":[],"failureMessages":[],"fullName":"dashboard page sample JSON files merger-tool-sample.json parses as valid JSON object","invocations":1,"location":null,"numPassingAsserts":3,"retryReasons":[],"status":"passed","title":"parses as valid JSON object"},{"ancestorTitles":["dashboard page sample JSON files","merger-tool-sample.json"],"duration":1,"failureDetails":[],"failureMessages":[],"fullName":"dashboard page sample JSON files merger-tool-sample.json has expected type field","invocations":1,"location":null,"numPassingAsserts":1,"retryReasons":[],"status":"passed","title":"has expected type field"},{"ancestorTitles":["dashboard page sample JSON files","merger-tool-sample.json"],"duration":0,"failureDetails":[],"failureMessages":[],"fullName":"dashboard page sample JSON files merger-tool-sample.json has required overview fields","invocations":1,"location":null,"numPassingAsserts":2,"retryReasons":[],"status":"passed","title":"has required overview fields"},{"ancestorTitles":["dashboard page sample JSON files","merger-tool-sample.json"],"duration":0,"failureDetails":[],"failureMessages":[],"fullName":"dashboard page sample JSON files merger-tool-sample.json has required top-level fields","invocations":1,"location":null,"numPassingAsserts":0,"retryReasons":[],"status":"passed","title":"has required top-level fields"},{"ancestorTitles":["dashboard page sample JSON files","merger-tool-sample.json"],"duration":1,"failureDetails":[],"failureMessages":[],"fullName":"dashboard page sample JSON files merger-tool-sample.json has required array sections","invocations":1,"location":null,"numPassingAsserts":3,"retryReasons":[],"status":"passed","title":"has required array sections"},{"ancestorTitles":["dashboard page sample JSON files","merger-tool-sample.json"],"duration":0,"failureDetails":[],"failureMessages":[],"fullName":"dashboard page sample JSON files merger-tool-sample.json routes to correct dashboard section","invocations":1,"location":null,"numPassingAsserts":1,"retryReasons":[],"status":"passed","title":"routes to correct dashboard section"},{"ancestorTitles":["dashboard page sample JSON files","mock-analysis-sample.json"],"duration":1,"failureDetails":[],"failureMessages":[],"fullName":"dashboard page sample JSON files mock-analysis-sample.json parses as valid JSON object","invocations":1,"location":null,"numPassingAsserts":3,"retryReasons":[],"status":"passed","title":"parses as valid JSON object"},{"ancestorTitles":["dashboard page sample JSON files","mock-analysis-sample.json"],"duration":0,"failureDetails":[],"failureMessages":[],"fullName":"dashboard page sample JSON files mock-analysis-sample.json has expected type field","invocations":1,"location":null,"numPassingAsserts":1,"retryReasons":[],"status":"passed","title":"has expected type field"},{"ancestorTitles":["dashboard page sample JSON files","mock-analysis-sample.json"],"duration":0,"failureDetails":[],"failureMessages":[],"fullName":"dashboard page sample JSON files mock-analysis-sample.json has required overview fields","invocations":1,"location":null,"numPassingAsserts":0,"retryReasons":[],"status":"passed","title":"has required overview fields"},{"ancestorTitles":["dashboard page sample JSON files","mock-analysis-sample.json"],"duration":0,"failureDetails":[],"failureMessages":[],"fullName":"dashboard page sample JSON files mock-analysis-sample.json has required top-level fields","invocations":1,"location":null,"numPassingAsserts":2,"retryReasons":[],"status":"passed","title":"has required top-level fields"},{"ancestorTitles":["dashboard page sample JSON files","mock-analysis-sample.json"],"duration":1,"failureDetails":[],"failureMessages":[],"fullName":"dashboard page sample JSON files mock-analysis-sample.json has required array sections","invocations":1,"location":null,"numPassingAsserts":9,"retryReasons":[],"status":"passed","title":"has required array sections"},{"ancestorTitles":["dashboard page sample JSON files","mock-analysis-sample.json"],"duration":0,"failureDetails":[],"failureMessages":[],"fullName":"dashboard page sample JSON files mock-analysis-sample.json routes to correct dashboard section","invocations":1,"location":null,"numPassingAsserts":1,"retryReasons":[],"status":"passed","title":"routes to correct dashboard section"},{"ancestorTitles":["dashboard page sample JSON files","issue-resolution-sample.json"],"duration":0,"failureDetails":[],"failureMessages":[],"fullName":"dashboard page sample JSON files issue-resolution-sample.json parses as valid JSON object","invocations":1,"location":null,"numPassingAsserts":3,"retryReasons":[],"status":"passed","title":"parses as valid JSON object"},{"ancestorTitles":["dashboard page sample JSON files","issue-resolution-sample.json"],"duration":0,"failureDetails":[],"failureMessages":[],"fullName":"dashboard page sample JSON files issue-resolution-sample.json has expected type field","invocations":1,"location":null,"numPassingAsserts":1,"retryReasons":[],"status":"passed","title":"has expected type field"},{"ancestorTitles":["dashboard page sample JSON files","issue-resolution-sample.json"],"duration":0,"failureDetails":[],"failureMessages":[],"fullName":"dashboard page sample JSON files issue-resolution-sample.json has required overview fields","invocations":1,"location":null,"numPassingAsserts":0,"retryReasons":[],"status":"passed","title":"has required overview fields"},{"ancestorTitles":["dashboard page sample JSON files","issue-resolution-sample.json"],"duration":0,"failureDetails":[],"failureMessages":[],"fullName":"dashboard page sample JSON files issue-resolution-sample.json has required top-level fields","invocations":1,"location":null,"numPassingAsserts":2,"retryReasons":[],"status":"passed","title":"has required top-level fields"},{"ancestorTitles":["dashboard page sample JSON files","issue-resolution-sample.json"],"duration":1,"failureDetails":[],"failureMessages":[],"fullName":"dashboard page sample JSON files issue-resolution-sample.json has required array sections","invocations":1,"location":null,"numPassingAsserts":6,"retryReasons":[],"status":"passed","title":"has required array sections"},{"ancestorTitles":["dashboard page sample JSON files","issue-resolution-sample.json"],"duration":0,"failureDetails":[],"failureMessages":[],"fullName":"dashboard page sample JSON files issue-resolution-sample.json routes to correct dashboard section","invocations":1,"location":null,"numPassingAsserts":1,"retryReasons":[],"status":"passed","title":"routes to correct dashboard section"},{"ancestorTitles":["dashboard page sample JSON files","performance-sample.json"],"duration":0,"failureDetails":[],"failureMessages":[],"fullName":"dashboard page sample JSON files performance-sample.json parses as valid JSON object","invocations":1,"location":null,"numPassingAsserts":3,"retryReasons":[],"status":"passed","title":"parses as valid JSON object"},{"ancestorTitles":["dashboard page sample JSON files","performance-sample.json"],"duration":0,"failureDetails":[],"failureMessages":[],"fullName":"dashboard page sample JSON files performance-sample.json has expected type field","invocations":1,"location":null,"numPassingAsserts":1,"retryReasons":[],"status":"passed","title":"has expected type field"},{"ancestorTitles":["dashboard page sample JSON files","performance-sample.json"],"duration":0,"failureDetails":[],"failureMessages":[],"fullName":"dashboard page sample JSON files performance-sample.json has required overview fields","invocations":1,"location":null,"numPassingAsserts":2,"retryReasons":[],"status":"passed","title":"has required overview fields"},{"ancestorTitles":["dashboard page sample JSON files","performance-sample.json"],"duration":0,"failureDetails":[],"failureMessages":[],"fullName":"dashboard page sample JSON files performance-sample.json has required top-level fields","invocations":1,"location":null,"numPassingAsserts":0,"retryReasons":[],"status":"passed","title":"has required top-level fields"},{"ancestorTitles":["dashboard page sample JSON files","performance-sample.json"],"duration":1,"failureDetails":[],"failureMessages":[],"fullName":"dashboard page sample JSON files performance-sample.json has required array sections","invocations":1,"location":null,"numPassingAsserts":2,"retryReasons":[],"status":"passed","title":"has required array sections"},{"ancestorTitles":["dashboard page sample JSON files","performance-sample.json"],"duration":0,"failureDetails":[],"failureMessages":[],"fullName":"dashboard page sample JSON files performance-sample.json routes to correct dashboard section","invocations":1,"location":null,"numPassingAsserts":1,"retryReasons":[],"status":"passed","title":"routes to correct dashboard section"},{"ancestorTitles":["dashboard page sample JSON files","quality-dashboard-sample.json"],"duration":1,"failureDetails":[],"failureMessages":[],"fullName":"dashboard page sample JSON files quality-dashboard-sample.json parses as valid JSON object","invocations":1,"location":null,"numPassingAsserts":3,"retryReasons":[],"status":"passed","title":"parses as valid JSON object"},{"ancestorTitles":["dashboard page sample JSON files","quality-dashboard-sample.json"],"duration":0,"failureDetails":[],"failureMessages":[],"fullName":"dashboard page sample JSON files quality-dashboard-sample.json has expected type field","invocations":1,"location":null,"numPassingAsserts":1,"retryReasons":[],"status":"passed","title":"has expected type field"},{"ancestorTitles":["dashboard page sample JSON files","quality-dashboard-sample.json"],"duration":0,"failureDetails":[],"failureMessages":[],"fullName":"dashboard page sample JSON files quality-dashboard-sample.json has required overview fields","invocations":1,"location":null,"numPassingAsserts":2,"retryReasons":[],"status":"passed","title":"has required overview fields"},{"ancestorTitles":["dashboard page sample JSON files","quality-dashboard-sample.json"],"duration":0,"failureDetails":[],"failureMessages":[],"fullName":"dashboard page sample JSON files quality-dashboard-sample.json has required top-level fields","invocations":1,"location":null,"numPassingAsserts":0,"retryReasons":[],"status":"passed","title":"has required top-level fields"},{"ancestorTitles":["dashboard page sample JSON files","quality-dashboard-sample.json"],"duration":0,"failureDetails":[],"failureMessages":[],"fullName":"dashboard page sample JSON files quality-dashboard-sample.json has required array sections","invocations":1,"location":null,"numPassingAsserts":4,"retryReasons":[],"status":"passed","title":"has required array sections"},{"ancestorTitles":["dashboard page sample JSON files","quality-dashboard-sample.json"],"duration":1,"failureDetails":[],"failureMessages":[],"fullName":"dashboard page sample JSON files quality-dashboard-sample.json routes to correct dashboard section","invocations":1,"location":null,"numPassingAsserts":1,"retryReasons":[],"status":"passed","title":"routes to correct dashboard section"},{"ancestorTitles":["dashboard page sample JSON files","security-dashboard-sample.json"],"duration":0,"failureDetails":[],"failureMessages":[],"fullName":"dashboard page sample JSON files security-dashboard-sample.json parses as valid JSON object","invocations":1,"location":null,"numPassingAsserts":3,"retryReasons":[],"status":"passed","title":"parses as valid JSON object"},{"ancestorTitles":["dashboard page sample JSON files","security-dashboard-sample.json"],"duration":0,"failureDetails":[],"failureMessages":[],"fullName":"dashboard page sample JSON files security-dashboard-sample.json has expected type field","invocations":1,"location":null,"numPassingAsserts":1,"retryReasons":[],"status":"passed","title":"has expected type field"},{"ancestorTitles":["dashboard page sample JSON files","security-dashboard-sample.json"],"duration":1,"failureDetails":[],"failureMessages":[],"fullName":"dashboard page sample JSON files security-dashboard-sample.json has required overview fields","invocations":1,"location":null,"numPassingAsserts":2,"retryReasons":[],"status":"passed","title":"has required overview fields"},{"ancestorTitles":["dashboard page sample JSON files","security-dashboard-sample.json"],"duration":0,"failureDetails":[],"failureMessages":[],"fullName":"dashboard page sample JSON files security-dashboard-sample.json has required top-level fields","invocations":1,"location":null,"numPassingAsserts":0,"retryReasons":[],"status":"passed","title":"has required top-level fields"},{"ancestorTitles":["dashboard page sample JSON files","security-dashboard-sample.json"],"duration":0,"failureDetails":[],"failureMessages":[],"fullName":"dashboard page sample JSON files security-dashboard-sample.json has required array sections","invocations":1,"location":null,"numPassingAsserts":3,"retryReasons":[],"status":"passed","title":"has required array sections"},{"ancestorTitles":["dashboard page sample JSON files","security-dashboard-sample.json"],"duration":0,"failureDetails":[],"failureMessages":[],"fullName":"dashboard page sample JSON files security-dashboard-sample.json routes to correct dashboard section","invocations":1,"location":null,"numPassingAsserts":1,"retryReasons":[],"status":"passed","title":"routes to correct dashboard section"},{"ancestorTitles":["dashboard page sample JSON files","support-dashboard-sample.json"],"duration":0,"failureDetails":[],"failureMessages":[],"fullName":"dashboard page sample JSON files support-dashboard-sample.json parses as valid JSON object","invocations":1,"location":null,"numPassingAsserts":3,"retryReasons":[],"status":"passed","title":"parses as valid JSON object"},{"ancestorTitles":["dashboard page sample JSON files","support-dashboard-sample.json"],"duration":0,"failureDetails":[],"failureMessages":[],"fullName":"dashboard page sample JSON files support-dashboard-sample.json has expected type field","invocations":1,"location":null,"numPassingAsserts":1,"retryReasons":[],"status":"passed","title":"has expected type field"},{"ancestorTitles":["dashboard page sample JSON files","support-dashboard-sample.json"],"duration":1,"failureDetails":[],"failureMessages":[],"fullName":"dashboard page sample JSON files support-dashboard-sample.json has required overview fields","invocations":1,"location":null,"numPassingAsserts":2,"retryReasons":[],"status":"passed","title":"has required overview fields"},{"ancestorTitles":["dashboard page sample JSON files","support-dashboard-sample.json"],"duration":0,"failureDetails":[],"failureMessages":[],"fullName":"dashboard page sample JSON files support-dashboard-sample.json has required top-level fields","invocations":1,"location":null,"numPassingAsserts":0,"retryReasons":[],"status":"passed","title":"has required top-level fields"},{"ancestorTitles":["dashboard page sample JSON files","support-dashboard-sample.json"],"duration":2,"failureDetails":[],"failureMessages":[],"fullName":"dashboard page sample JSON files support-dashboard-sample.json has required array sections","invocations":1,"location":null,"numPassingAsserts":4,"retryReasons":[],"status":"passed","title":"has required array sections"},{"ancestorTitles":["dashboard page sample JSON files","support-dashboard-sample.json"],"duration":0,"failureDetails":[],"failureMessages":[],"fullName":"dashboard page sample JSON files support-dashboard-sample.json routes to correct dashboard section","invocations":1,"location":null,"numPassingAsserts":1,"retryReasons":[],"status":"passed","title":"routes to correct dashboard section"},{"ancestorTitles":["dashboard page sample JSON files","reports-sample.json"],"duration":0,"failureDetails":[],"failureMessages":[],"fullName":"dashboard page sample JSON files reports-sample.json parses as valid JSON object","invocations":1,"location":null,"numPassingAsserts":3,"retryReasons":[],"status":"passed","title":"parses as valid JSON object"},{"ancestorTitles":["dashboard page sample JSON files","reports-sample.json"],"duration":0,"failureDetails":[],"failureMessages":[],"fullName":"dashboard page sample JSON files reports-sample.json has expected type field","invocations":1,"location":null,"numPassingAsserts":1,"retryReasons":[],"status":"passed","title":"has expected type field"},{"ancestorTitles":["dashboard page sample JSON files","reports-sample.json"],"duration":0,"failureDetails":[],"failureMessages":[],"fullName":"dashboard page sample JSON files reports-sample.json has required overview fields","invocations":1,"location":null,"numPassingAsserts":2,"retryReasons":[],"status":"passed","title":"has required overview fields"},{"ancestorTitles":["dashboard page sample JSON files","reports-sample.json"],"duration":0,"failureDetails":[],"failureMessages":[],"fullName":"dashboard page sample JSON files reports-sample.json has required top-level fields","invocations":1,"location":null,"numPassingAsserts":0,"retryReasons":[],"status":"passed","title":"has required top-level fields"},{"ancestorTitles":["dashboard page sample JSON files","reports-sample.json"],"duration":0,"failureDetails":[],"failureMessages":[],"fullName":"dashboard page sample JSON files reports-sample.json has required array sections","invocations":1,"location":null,"numPassingAsserts":2,"retryReasons":[],"status":"passed","title":"has required array sections"},{"ancestorTitles":["dashboard page sample JSON files","reports-sample.json"],"duration":0,"failureDetails":[],"failureMessages":[],"fullName":"dashboard page sample JSON files reports-sample.json routes to correct dashboard section","invocations":1,"location":null,"numPassingAsserts":1,"retryReasons":[],"status":"passed","title":"routes to correct dashboard section"},{"ancestorTitles":["dashboard page sample JSON files","roadmap-comparison-sample.json"],"duration":0,"failureDetails":[],"failureMessages":[],"fullName":"dashboard page sample JSON files roadmap-comparison-sample.json parses as valid JSON object","invocations":1,"location":null,"numPassingAsserts":3,"retryReasons":[],"status":"passed","title":"parses as valid JSON object"},{"ancestorTitles":["dashboard page sample JSON files","roadmap-comparison-sample.json"],"duration":0,"failureDetails":[],"failureMessages":[],"fullName":"dashboard page sample JSON files roadmap-comparison-sample.json has expected type field","invocations":1,"location":null,"numPassingAsserts":1,"retryReasons":[],"status":"passed","title":"has expected type field"},{"ancestorTitles":["dashboard page sample JSON files","roadmap-comparison-sample.json"],"duration":0,"failureDetails":[],"failureMessages":[],"fullName":"dashboard page sample JSON files roadmap-comparison-sample.json has required overview fields","invocations":1,"location":null,"numPassingAsserts":0,"retryReasons":[],"status":"passed","title":"has required overview fields"},{"ancestorTitles":["dashboard page sample JSON files","roadmap-comparison-sample.json"],"duration":1,"failureDetails":[],"failureMessages":[],"fullName":"dashboard page sample JSON files roadmap-comparison-sample.json has required top-level fields","invocations":1,"location":null,"numPassingAsserts":5,"retryReasons":[],"status":"passed","title":"has required top-level fields"},{"ancestorTitles":["dashboard page sample JSON files","roadmap-comparison-sample.json"],"duration":0,"failureDetails":[],"failureMessages":[],"fullName":"dashboard page sample JSON files roadmap-comparison-sample.json has required array sections","invocations":1,"location":null,"numPassingAsserts":6,"retryReasons":[],"status":"passed","title":"has required array sections"},{"ancestorTitles":["dashboard page sample JSON files","roadmap-comparison-sample.json"],"duration":1,"failureDetails":[],"failureMessages":[],"fullName":"dashboard page sample JSON files roadmap-comparison-sample.json routes to correct dashboard section","invocations":1,"location":null,"numPassingAsserts":1,"retryReasons":[],"status":"passed","title":"routes to correct dashboard section"},{"ancestorTitles":["dashboard page sample JSON files","engineering-baseline-sample.json"],"duration":0,"failureDetails":[],"failureMessages":[],"fullName":"dashboard page sample JSON files engineering-baseline-sample.json parses as valid JSON object","invocations":1,"location":null,"numPassingAsserts":3,"retryReasons":[],"status":"passed","title":"parses as valid JSON object"},{"ancestorTitles":["dashboard page sample JSON files","engineering-baseline-sample.json"],"duration":0,"failureDetails":[],"failureMessages":[],"fullName":"dashboard page sample JSON files engineering-baseline-sample.json has expected type field","invocations":1,"location":null,"numPassingAsserts":1,"retryReasons":[],"status":"passed","title":"has expected type field"},{"a
[...]
emented output with data_analyzed > 0","invocations":1,"location":null,"numPassingAsserts":3,"retryReasons":[],"status":"passed","title":"fixture A-31 returns implemented output with data_analyzed > 0"},{"ancestorTitles":["AI systems issue analyzer core"],"duration":96,"failureDetails":[],"failureMessages":[],"fullName":"AI systems issue analyzer core fixture A-32 returns implemented output with data_analyzed > 0","invocations":1,"location":null,"numPassingAsserts":3,"retryReasons":[],"status":"passed","title":"fixture A-32 returns implemented output with data_analyzed > 0"},{"ancestorTitles":["AI systems issue analyzer core"],"duration":90,"failureDetails":[],"failureMessages":[],"fullName":"AI systems issue analyzer core fixture A-33 returns implemented output with data_analyzed > 0","invocations":1,"location":null,"numPassingAsserts":3,"retryReasons":[],"status":"passed","title":"fixture A-33 returns implemented output with data_analyzed > 0"},{"ancestorTitles":["AI systems issue analyzer core"],"duration":87,"failureDetails":[],"failureMessages":[],"fullName":"AI systems issue analyzer core fixture A-34 returns implemented output with data_analyzed > 0","invocations":1,"location":null,"numPassingAsserts":3,"retryReasons":[],"status":"passed","title":"fixture A-34 returns implemented output with data_analyzed > 0"},{"ancestorTitles":["AI systems issue analyzer core"],"duration":82,"failureDetails":[],"failureMessages":[],"fullName":"AI systems issue analyzer core fixture A-35 returns implemented output with data_analyzed > 0","invocations":1,"location":null,"numPassingAsserts":3,"retryReasons":[],"status":"passed","title":"fixture A-35 returns implemented output with data_analyzed > 0"},{"ancestorTitles":["AI systems issue analyzer core"],"duration":86,"failureDetails":[],"failureMessages":[],"fullName":"AI systems issue analyzer core fixture A-36 returns implemented output with data_analyzed > 0","invocations":1,"location":null,"numPassingAsserts":3,"retryReasons":[],"status":"passed","title":"fixture A-36 returns implemented output with data_analyzed > 0"},{"ancestorTitles":["AI systems issue analyzer core"],"duration":100,"failureDetails":[],"failureMessages":[],"fullName":"AI systems issue analyzer core fixture A-37 returns implemented output with data_analyzed > 0","invocations":1,"location":null,"numPassingAsserts":3,"retryReasons":[],"status":"passed","title":"fixture A-37 returns implemented output with data_analyzed > 0"},{"ancestorTitles":["AI systems issue analyzer core"],"duration":97,"failureDetails":[],"failureMessages":[],"fullName":"AI systems issue analyzer core fixture A-38 returns implemented output with data_analyzed > 0","invocations":1,"location":null,"numPassingAsserts":3,"retryReasons":[],"status":"passed","title":"fixture A-38 returns implemented output with data_analyzed > 0"},{"ancestorTitles":["AI systems issue analyzer core"],"duration":96,"failureDetails":[],"failureMessages":[],"fullName":"AI systems issue analyzer core fixture A-39 returns implemented output with data_analyzed > 0","invocations":1,"location":null,"numPassingAsserts":3,"retryReasons":[],"status":"passed","title":"fixture A-39 returns implemented output with data_analyzed > 0"},{"ancestorTitles":["AI systems issue analyzer core"],"duration":91,"failureDetails":[],"failureMessages":[],"fullName":"AI systems issue analyzer core fixture A-40 returns implemented output with data_analyzed > 0","invocations":1,"location":null,"numPassingAsserts":3,"retryReasons":[],"status":"passed","title":"fixture A-40 returns implemented output with data_analyzed > 0"},{"ancestorTitles":["AI systems issue analyzer core"],"duration":102,"failureDetails":[],"failureMessages":[],"fullName":"AI systems issue analyzer core fixture A-41 returns implemented output with data_analyzed > 0","invocations":1,"location":null,"numPassingAsserts":3,"retryReasons":[],"status":"passed","title":"fixture A-41 returns implemented output with data_analyzed > 0"},{"ancestorTitles":["AI systems issue analyzer core"],"duration":86,"failureDetails":[],"failureMessages":[],"fullName":"AI systems issue analyzer core fixture A-42 returns implemented output with data_analyzed > 0","invocations":1,"location":null,"numPassingAsserts":3,"retryReasons":[],"status":"passed","title":"fixture A-42 returns implemented output with data_analyzed > 0"},{"ancestorTitles":["AI systems issue analyzer core"],"duration":83,"failureDetails":[],"failureMessages":[],"fullName":"AI systems issue analyzer core fixture A-43 returns implemented output with data_analyzed > 0","invocations":1,"location":null,"numPassingAsserts":3,"retryReasons":[],"status":"passed","title":"fixture A-43 returns implemented output with data_analyzed > 0"},{"ancestorTitles":["AI systems issue analyzer core"],"duration":89,"failureDetails":[],"failureMessages":[],"fullName":"AI systems issue analyzer core fixture A-44 returns implemented output with data_analyzed > 0","invocations":1,"location":null,"numPassingAsserts":3,"retryReasons":[],"status":"passed","title":"fixture A-44 returns implemented output with data_analyzed > 0"},{"ancestorTitles":["AI systems issue analyzer core"],"duration":88,"failureDetails":[],"failureMessages":[],"fullName":"AI systems issue analyzer core fixture A-45 returns implemented output with data_analyzed > 0","invocations":1,"location":null,"numPassingAsserts":3,"retryReasons":[],"status":"passed","title":"fixture A-45 returns implemented output with data_analyzed > 0"},{"ancestorTitles":["AI systems issue analyzer core"],"duration":91,"failureDetails":[],"failureMessages":[],"fullName":"AI systems issue analyzer core fixture A-46 returns implemented output with data_analyzed > 0","invocations":1,"location":null,"numPassingAsserts":3,"retryReasons":[],"status":"passed","title":"fixture A-46 returns implemented output with data_analyzed > 0"},{"ancestorTitles":["AI systems issue analyzer core"],"duration":86,"failureDetails":[],"failureMessages":[],"fullName":"AI systems issue analyzer core fixture A-47 returns implemented output with data_analyzed > 0","invocations":1,"location":null,"numPassingAsserts":3,"retryReasons":[],"status":"passed","title":"fixture A-47 returns implemented output with data_analyzed > 0"},{"ancestorTitles":["AI systems issue analyzer core"],"duration":82,"failureDetails":[],"failureMessages":[],"fullName":"AI systems issue analyzer core fixture A-48 returns implemented output with data_analyzed > 0","invocations":1,"location":null,"numPassingAsserts":3,"retryReasons":[],"status":"passed","title":"fixture A-48 returns implemented output with data_analyzed > 0"},{"ancestorTitles":["AI systems issue analyzer core"],"duration":77,"failureDetails":[],"failureMessages":[],"fullName":"AI systems issue analyzer core enriches analyzer context from code understanding and zscript report","invocations":1,"location":null,"numPassingAsserts":3,"retryReasons":[],"status":"passed","title":"enriches analyzer context from code understanding and zscript report"}],"endTime":1779926244847,"message":"","name":"C:\\Users\\Trevor\\CascadeProjects\\ai-platform\\tests\\unit\\ai-systems-issue-analyzer.test.js","startTime":1779926226362,"status":"passed","summary":""},{"assertionResults":[{"ancestorTitles":["dashboard stub API routes"],"duration":1215,"failureDetails":[],"failureMessages":[],"fullName":"dashboard stub API routes performance endpoints return data","invocations":1,"location":null,"numPassingAsserts":7,"retryReasons":[],"status":"passed","title":"performance endpoints return data"},{"ancestorTitles":["dashboard stub API routes"],"duration":33,"failureDetails":[],"failureMessages":[],"fullName":"dashboard stub API routes dev-tools endpoints return arrays","invocations":1,"location":null,"numPassingAsserts":6,"retryReasons":[],"status":"passed","title":"dev-tools endpoints return arrays"},{"ancestorTitles":["dashboard stub API routes"],"duration":25,"failureDetails":[],"failureMessages":[],"fullName":"dashboard stub API routes api page endpoints return data","invocations":1,"location":null,"numPassingAsserts":6,"retryReasons":[],"status":"passed","title":"api page endpoints return data"},{"ancestorTitles":["dashboard stub API routes"],"duration":9798,"failureDetails":[],"failureMessages":[],"fullName":"dashboard stub API routes merger-tool endpoints return data","invocations":1,"location":null,"numPassingAsserts":11,"retryReasons":[],"status":"passed","title":"merger-tool endpoints return data"},{"ancestorTitles":["dashboard stub API routes"],"duration":10,"failureDetails":[],"failureMessages":[],"fullName":"dashboard stub API routes debt-calculator endpoints return data","invocations":1,"location":null,"numPassingAsserts":7,"retryReasons":[],"status":"passed","title":"debt-calculator endpoints return data"},{"ancestorTitles":["dashboard stub API routes"],"duration":11,"failureDetails":[],"failureMessages":[],"fullName":"dashboard stub API routes debt-reduction endpoints return data","invocations":1,"location":null,"numPassingAsserts":8,"retryReasons":[],"status":"passed","title":"debt-reduction endpoints return data"},{"ancestorTitles":["dashboard stub API routes"],"duration":16,"failureDetails":[],"failureMessages":[],"fullName":"dashboard stub API routes debt-analytics endpoints return data","invocations":1,"location":null,"numPassingAsserts":9,"retryReasons":[],"status":"passed","title":"debt-analytics endpoints return data"},{"ancestorTitles":["dashboard stub API routes"],"duration":11,"failureDetails":[],"failureMessages":[],"fullName":"dashboard stub API routes feature-backlog endpoints return data","invocations":1,"location":null,"numPassingAsserts":8,"retryReasons":[],"status":"passed","title":"feature-backlog endpoints return data"},{"ancestorTitles":["dashboard stub API routes"],"duration":11,"failureDetails":[],"failureMessages":[],"fullName":"dashboard stub API routes release-timeline endpoints return data","invocations":1,"location":null,"numPassingAsserts":8,"retryReasons":[],"status":"passed","title":"release-timeline endpoints return data"},{"ancestorTitles":["dashboard stub API routes"],"duration":12,"failureDetails":[],"failureMessages":[],"fullName":"dashboard stub API routes billing-system endpoints return data","invocations":1,"location":null,"numPassingAsserts":9,"retryReasons":[],"status":"passed","title":"billing-system endpoints return data"},{"ancestorTitles":["dashboard stub API routes"],"duration":15,"failureDetails":[],"failureMessages":[],"fullName":"dashboard stub API routes project-reports endpoints return data","invocations":1,"location":null,"numPassingAsserts":10,"retryReasons":[],"status":"passed","title":"project-reports endpoints return data"},{"ancestorTitles":["dashboard stub API routes"],"duration":13,"failureDetails":[],"failureMessages":[],"fullName":"dashboard stub API routes assets-library endpoints return data","invocations":1,"location":null,"numPassingAsserts":10,"retryReasons":[],"status":"passed","title":"assets-library endpoints return data"},{"ancestorTitles":["dashboard stub API routes"],"duration":9,"failureDetails":[],"failureMessages":[],"fullName":"dashboard stub API routes code-templates endpoints return data","invocations":1,"location":null,"numPassingAsserts":10,"retryReasons":[],"status":"passed","title":"code-templates endpoints return data"},{"ancestorTitles":["dashboard stub API routes"],"duration":18,"failureDetails":[],"failureMessages":[],"fullName":"dashboard stub API routes coverage-reports endpoints return data","invocations":1,"location":null,"numPassingAsserts":12,"retryReasons":[],"status":"passed","title":"coverage-reports endpoints return data"},{"ancestorTitles":["dashboard stub API routes"],"duration":12,"failureDetails":[],"failureMessages":[],"fullName":"dashboard stub API routes settings endpoints return data","invocations":1,"location":null,"numPassingAsserts":9,"retryReasons":[],"status":"passed","title":"settings endpoints return data"},{"ancestorTitles":["dashboard stub API routes"],"duration":11,"failureDetails":[],"failureMessages":[],"fullName":"dashboard stub API routes help endpoints return data","invocations":1,"location":null,"numPassingAsserts":10,"retryReasons":[],"status":"passed","title":"help endpoints return data"},{"ancestorTitles":["dashboard stub API routes"],"duration":11,"failureDetails":[],"failureMessages":[],"fullName":"dashboard stub API routes implementation-plan endpoints return data","invocations":1,"location":null,"numPassingAsserts":8,"retryReasons":[],"status":"passed","title":"implementation-plan endpoints return data"},{"ancestorTitles":["dashboard stub API routes"],"duration":8,"failureDetails":[],"failureMessages":[],"fullName":"dashboard stub API routes analytics endpoint returns model payload","invocations":1,"location":null,"numPassingAsserts":4,"retryReasons":[],"status":"passed","title":"analytics endpoint returns model payload"},{"ancestorTitles":["dashboard stub API routes"],"duration":8,"failureDetails":[],"failureMessages":[],"fullName":"dashboard stub API routes dashboard-home endpoint returns data","invocations":1,"location":null,"numPassingAsserts":4,"retryReasons":[],"status":"passed","title":"dashboard-home endpoint returns data"},{"ancestorTitles":["dashboard stub API routes"],"duration":12,"failureDetails":[],"failureMessages":[],"fullName":"dashboard stub API routes quality dashboard endpoints return data","invocations":1,"location":null,"numPassingAsserts":4,"retryReasons":[],"status":"passed","title":"quality dashboard endpoints return data"},{"ancestorTitles":["dashboard stub API routes"],"duration":1958,"failureDetails":[],"failureMessages":[],"fullName":"dashboard stub API routes security dashboard endpoints return data","invocations":1,"location":null,"numPassingAsserts":14,"retryReasons":[],"status":"passed","title":"security dashboard endpoints return data"},{"ancestorTitles":["dashboard stub API routes"],"duration":9,"failureDetails":[],"failureMessages":[],"fullName":"dashboard stub API routes support dashboard endpoints return data","invocations":1,"location":null,"numPassingAsserts":4,"retryReasons":[],"status":"passed","title":"support dashboard endpoints return data"},{"ancestorTitles":["dashboard stub API routes"],"duration":26,"failureDetails":[],"failureMessages":[],"fullName":"dashboard stub API routes tier-1 page stub endpoints return data","invocations":1,"location":null,"numPassingAsserts":30,"retryReasons":[],"status":"passed","title":"tier-1 page stub endpoints return data"},{"ancestorTitles":["dashboard stub API routes"],"duration":1228,"failureDetails":[],"failureMessages":[],"fullName":"dashboard stub API routes reduction-scan validates bad projectPath and supports sample-data-only scope","invocations":1,"location":null,"numPassingAsserts":5,"retryReasons":[],"status":"passed","title":"reduction-scan validates bad projectPath and supports sample-data-only scope"},{"ancestorTitles":["dashboard stub API routes"],"duration":7,"failureDetails":[],"failureMessages":[],"fullName":"dashboard stub API routes roadmap data endpoint serves ai-powered type only","invocations":1,"location":null,"numPassingAsserts":5,"retryReasons":[],"status":"passed","title":"roadmap data endpoint serves ai-powered type only"}],"endTime":1779926250571,"message":"","name":"C:\\Users\\Trevor\\CascadeProjects\\ai-platform\\tests\\integration\\dashboard-stub-api.test.js","startTime":1779926226303,"status":"passed","summary":""},{"assertionResults":[{"ancestorTitles":["file merger reduction scanner"],"duration":12001,"failureDetails":[],"failureMessages":[],"fullName":"file merger reduction scanner returns measured scan report shape with full repository scope","invocations":1,"location":null,"numPassingAsserts":12,"retryReasons":[],"status":"passed","title":"returns measured scan report shape with full repository scope"},{"ancestorTitles":["file merger reduction scanner"],"duration":1757,"failureDetails":[],"failureMessages":[],"fullName":"file merger reduction scanner sample-data-only scope limits filesAnalyzed to sample paths","invocations":1,"location":null,"numPassingAsserts":3,"retryReasons":[],"status":"passed","title":"sample-data-only scope limits filesAnalyzed to sample paths"},{"ancestorTitles":["file merger reduction scanner"],"duration":7130,"failureDetails":[],"failureMessages":[],"fullName":"file merger reduction scanner does not flag generated simplebeacon scan artifacts as oversized","invocations":1,"location":null,"numPassingAsserts":1,"retryReasons":[],"status":"passed","title":"does not flag generated simplebeacon scan artifacts as oversized"},{"ancestorTitles":["file merger reduction scanner"],"duration":5850,"failureDetails":[],"failureMessages":[],"fullName":"file merger reduction scanner excludes data/roadmap/archive from sample consolidation paths","invocations":1,"location":null,"numPassingAsserts":2,"retryReasons":[],"status":"passed","title":"excludes data/roadmap/archive from sample consolidation paths"},{"ancestorTitles":["file merger reduction scanner"],"duration":8494,"failureDetails":[],"failureMessages":[],"fullName":"file merger reduction scanner does not flag ai-roadmap web sample vs report as exact duplicate","invocations":1,"location":null,"numPassingAsserts":1,"retryReasons":[],"status":"passed","title":"does not flag ai-roadmap web sample vs report as exact duplicate"},{"ancestorTitles":["file merger reduction scanner"],"duration":8347,"failureDetails":[],"failureMessages":[],"fullName":"file merger reduction scanner does not flag mock analysis sample as an exact duplicate","invocations":1,"location":null,"numPassingAsserts":1,"retryReasons":[],"status":"passed","title":"does not flag mock analysis sample as an exact duplicate"},{"ancestorTitles":["file merger reduction scanner"],"duration":10409,"failureDetails":[],"failureMessages":[],"fullName":"file merger reduction scanner does not flag ai roadmap sample aliases as structure merge candidates","invocations":1,"location":null,"numPassingAsserts":1,"retryReasons":[],"status":"passed","title":"does not flag ai roadmap sample aliases as structure merge candidates"},{"ancestorTitles":["file merger reduction scanner"],"duration":1323,"failureDetails":[],"failureMessages":[],"fullName":"file merger reduction scanner report includes advanced analysis block","invocations":1,"location":null,"numPassingAsserts":4,"retryReasons":[],"status":"passed","title":"report includes advanced analysis block"},{"ancestorTitles":["file merger reduction scanner"],"duration":10849,"failureDetails":[],"failureMessages":[],"fullName":"file merger reduction scanner repository scope from monorepo parent includes parent inventory and platform sample paths","invocations":1,"location":null,"numPassingAsserts":7,"retryReasons":[],"status":"passed","title":"repository scope from monorepo parent includes parent inventory and platform sample paths"},{"ancestorTitles":["file merger reduction scanner"],"duration":14433,"failureDetails":[],"failureMessages":[],"fullName":"file merger reduction scanner monorepo scan excludes generated report duplicates and legacy oversized dev scripts","invocations":1,"location":null,"numPassingAsserts":4,"retryReasons":[],"status":"passed","title":"monorepo scan excludes generated report duplicates and legacy oversized dev scripts"},{"ancestorTitles":["file merger reduction scanner"],"duration":2,"failureDetails":[],"failureMessages":[],"fullName":"file merger reduction scanner buildConsolidationConclusion distinguishes JSON scanned from duplicate groups","invocations":1,"location":null,"numPassingAsserts":2,"retryReasons":[],"status":"passed","title":"buildConsolidationConclusion distinguishes JSON scanned from duplicate groups"}],"endTime":1779926310351,"message":"","name":"C:\\Users\\Trevor\\CascadeProjects\\ai-platform\\tests\\unit\\file-merger-reduction-scanner.test.js","startTime":1779926225798,"status":"passed","summary":""}],"wasInterrupted":false}
